<?xml version="1.0" encoding="UTF-8"?>
<!-- Generated by org.testng.reporters.JUnitReportReporter -->
<testsuite hostname="LAPTOP-5RCPHTTJ" failures="0" tests="1" name="practice.test" time="0.014" errors="0" timestamp="2023-02-16T18:18:41 IST" skipped="0">
  <testcase classname="practice.test" name="data" time="0.014"/>
  <system-out/>
</testsuite> <!-- practice.test -->
