<?xml version="1.0" encoding="UTF-8"?>
<!-- Generated by org.testng.reporters.JUnitReportReporter -->
<testsuite hostname="LAPTOP-5RCPHTTJ" failures="0" tests="1" name="practice.test" time="0.007" errors="0" timestamp="2023-02-19T11:59:06 IST" skipped="0">
  <testcase classname="practice.test" name="data" time="0.007"/>
  <system-out/>
</testsuite> <!-- practice.test -->
